producer_class	xtools.gsea.GseaPreranked
producer_timestamp	1742276579369
param	rpt_label	mesenchymal
param	rnd_seed	12345
param	set_min	15
param	zip_report	false
param	create_svgs	false
param	scoring_scheme	weighted
param	rnk	/home/rstudio/projects/bcb420_code/WeiJin_Luo/HW_GSEA/MesenvsImmuno_RNASeq_ranks.rnk
param	norm	meandiv
param	out	/home/rstudio/projects/bcb420_code/WeiJin_Luo/HW_GSEA
param	mode	Max_probe
param	include_only_symbols	true
param	help	false
param	set_max	200
param	gmx	/home/rstudio/projects/bcb420_code/WeiJin_Luo/HW_GSEA/Human_GOBP_AllPathways_noPFOCR_no_GO_iea_March_01_2025_symbol.gmt
param	make_sets	true
param	plot_top_x	20
param	gui	false
param	nperm	1000
param	collapse	No_Collapse

file	/home/rstudio/projects/bcb420_code/WeiJin_Luo/HW_GSEA/mesenchymal.GseaPreranked.1742276579369/index.html
